{"/Users/zeynep/Desktop/meraki/3-Testing/introduction_to_testing/library.js": {"path":"/Users/zeynep/Desktop/meraki/3-Testing/introduction_to_testing/library.js","statementMap":{"0":{"start":{"line":1,"column":15},"end":{"line":1,"column":25}},"1":{"start":{"line":1,"column":20},"end":{"line":1,"column":25}},"2":{"start":{"line":2,"column":21},"end":{"line":2,"column":32}},"3":{"start":{"line":2,"column":26},"end":{"line":2,"column":32}},"4":{"start":{"line":4,"column":0},"end":{"line":4,"column":42}}},"fnMap":{"0":{"name":"(anonymous_0)","decl":{"start":{"line":1,"column":15},"end":{"line":1,"column":16}},"loc":{"start":{"line":1,"column":20},"end":{"line":1,"column":25}},"line":1},"1":{"name":"(anonymous_1)","decl":{"start":{"line":2,"column":21},"end":{"line":2,"column":22}},"loc":{"start":{"line":2,"column":26},"end":{"line":2,"column":32}},"line":2}},"branchMap":{},"s":{"0":1,"1":1,"2":1,"3":1,"4":1},"f":{"0":1,"1":1},"b":{},"_coverageSchema":"1a1c01bbd47fc00a2c39e90264f33305004495a9","hash":"2df328eadf48c935213de7782ed7846374702df0"}
}
